Wed 15 Jun 2022 20:46:27 INFO  
General Hyper Parameters:
gpu_id = 0
use_gpu = True
seed = 1128
state = INFO
reproducibility = True
data_path = recbole_metarec/dataset/ml-1m
checkpoint_dir = saved
show_progress = True
save_dataset = False
dataset_save_path = None
save_dataloaders = False
dataloaders_save_path = None
log_wandb = False

Training Hyper Parameters:
epochs = 50
train_batch_size = 32
learner = adam
learning_rate = 0.001
neg_sampling = {'uniform': 1}
eval_step = 1
stopping_step = 10
clip_grad_norm = None
weight_decay = 0.0
loss_decimal_place = 4

Evaluation Hyper Parameters:
eval_args = {'group_by': 'task', 'order': 'RO', 'split': {'RS': [0.8, 0.1, 0.1]}, 'mode': 'labeled'}
repeatable = False
metrics = ['precision', 'recall', 'hit', 'ndcg', 'mrr']
topk = [5]
valid_metric = mrr@5
valid_metric_bigger = True
eval_batch_size = 4096
metric_decimal_place = 4

Dataset Hyper Parameters:
field_separator = 	
seq_separator =  
USER_ID_FIELD = user_id
ITEM_ID_FIELD = item_id
RATING_FIELD = rating
TIME_FIELD = timestamp
seq_len = None
LABEL_FIELD = rating
threshold = None
NEG_PREFIX = neg_
load_col = {'inter': ['user_id', 'item_id', 'rating'], 'item': ['item_id', 'movie_title', 'release_year', 'class'], 'user': ['user_id', 'age', 'gender', 'occupation', 'zip_code']}
unload_col = None
unused_col = None
additional_feat_suffix = None
rm_dup_inter = None
val_interval = None
filter_inter_by_user_or_item = True
user_inter_num_interval = [13, 100]
item_inter_num_interval = [0,inf)
alias_of_user_id = None
alias_of_item_id = None
alias_of_entity_id = None
alias_of_relation_id = None
preload_weight = None
normalize_field = None
normalize_all = None
ITEM_LIST_LENGTH_FIELD = item_length
LIST_SUFFIX = _list
MAX_ITEM_LIST_LENGTH = 50
POSITION_FIELD = position_id
HEAD_ENTITY_ID_FIELD = head_id
TAIL_ENTITY_ID_FIELD = tail_id
RELATION_ID_FIELD = relation_id
ENTITY_ID_FIELD = entity_id
benchmark_filename = None

Other Hyper Parameters: 
wandb_project = recbole
require_pow = False
MODEL_TYPE = <function Module.type at 0x00000219ECE35B80>
meta_args = {'support_num': 'none', 'query_num': 10}
embedding_size = 32
mlp_hidden_size = [64, 64]
melu_args = {'local_lr': 5e-06, 'lr': 5e-05}
MODEL_INPUT_TYPE = InputType.POINTWISE
eval_type = EvaluatorType.RANKING
device = cpu
train_neg_sample_args = {'strategy': 'by', 'by': 1, 'distribution': 'uniform', 'dynamic': 'none'}
eval_neg_sample_args = {'strategy': 'none', 'distribution': 'none'}


Wed 15 Jun 2022 20:46:29 INFO  ml-1m
The number of users: 3132
Average actions of users: 49.98626636857234
The number of items: 3884
Average actions of items: 46.67670742618551
The number of inters: 156507
The sparsity of the dataset: 98.71343186113775%
Remain Fields: ['user_id', 'item_id', 'rating', 'age', 'gender', 'occupation', 'zip_code', 'movie_title', 'release_year']
Wed 15 Jun 2022 20:46:30 INFO  [Training]: train_batch_size = [32] negative sampling: [{'uniform': 1}]
Wed 15 Jun 2022 20:46:30 INFO  [Evaluation]: eval_batch_size = [4096] eval_args: [{'group_by': 'task', 'order': 'RO', 'split': {'RS': [0.8, 0.1, 0.1]}, 'mode': 'labeled'}]
Wed 15 Jun 2022 20:46:30 INFO  <recbole_metarec.MetaDataLoader.MetaDataLoader object at 0x000002198F879F70>
Wed 15 Jun 2022 20:46:30 INFO  FOMeLU(
  (embeddingTable): EmbeddingTable(
    (age): Embedding(8, 32)
    (gender): Embedding(3, 32)
    (occupation): Embedding(22, 32)
    (zip_code): Embedding(2167, 32)
    (movie_title): Embedding(5217, 32)
    (release_year): Embedding(82, 32)
  )
  (model): Sequential(
    (0): MLPLayers(
      (mlp_layers): Sequential(
        (0): Dropout(p=0.0, inplace=False)
        (1): Linear(in_features=192, out_features=64, bias=True)
        (2): ReLU()
        (3): Dropout(p=0.0, inplace=False)
        (4): Linear(in_features=64, out_features=64, bias=True)
        (5): ReLU()
      )
    )
    (1): Linear(in_features=64, out_features=1, bias=True)
  )
)
Trainable parameters: 256545
Wed 15 Jun 2022 20:46:35 INFO  epoch 0 training [time: 5.32s, train loss: 3.3184]
Wed 15 Jun 2022 20:46:36 INFO  epoch 0 evaluating [time: 0.49s, valid_score: 0.706400]
Wed 15 Jun 2022 20:46:36 INFO  valid result: 
precision@5 : 0.4971    recall@5 : 0.4971    hit@5 : 0.9936    ndcg@5 : 0.498    mrr@5 : 0.7064
Wed 15 Jun 2022 20:46:36 INFO  Saving current: saved\FOMeLU-Jun-15-2022_20-46-30.pth
Wed 15 Jun 2022 20:46:40 INFO  epoch 1 training [time: 4.80s, train loss: 1.6481]
Wed 15 Jun 2022 20:46:41 INFO  epoch 1 evaluating [time: 0.30s, valid_score: 0.706400]
Wed 15 Jun 2022 20:46:41 INFO  valid result: 
precision@5 : 0.4965    recall@5 : 0.4965    hit@5 : 0.9936    ndcg@5 : 0.498    mrr@5 : 0.7064
Wed 15 Jun 2022 20:46:41 INFO  Saving current: saved\FOMeLU-Jun-15-2022_20-46-30.pth
Wed 15 Jun 2022 20:46:45 INFO  epoch 2 training [time: 4.38s, train loss: 1.6306]
Wed 15 Jun 2022 20:46:45 INFO  epoch 2 evaluating [time: 0.30s, valid_score: 0.711600]
Wed 15 Jun 2022 20:46:45 INFO  valid result: 
precision@5 : 0.4971    recall@5 : 0.4971    hit@5 : 0.9936    ndcg@5 : 0.4995    mrr@5 : 0.7116
Wed 15 Jun 2022 20:46:45 INFO  Saving current: saved\FOMeLU-Jun-15-2022_20-46-30.pth
