Fri 15 Apr 2022 22:19:42 INFO  
General Hyper Parameters:
gpu_id = 0
use_gpu = True
seed = 2020
state = INFO
reproducibility = True
data_path = dataset/ml-100k-local-CTR
checkpoint_dir = saved
show_progress = True
save_dataset = False
dataset_save_path = None
save_dataloaders = False
dataloaders_save_path = None
log_wandb = False

Training Hyper Parameters:
epochs = 10
train_batch_size = 32
learner = adam
learning_rate = 0.001
neg_sampling = {'uniform': 1}
eval_step = 1
stopping_step = 10
clip_grad_norm = None
weight_decay = 0.0
loss_decimal_place = 4

Evaluation Hyper Parameters:
eval_args = {'group_by': 'task', 'order': 'RO', 'split': {'RS': [0.8, 0.1, 0.1]}, 'mode': 'labeled'}
repeatable = False
metrics = ['MAE']
topk = [5]
valid_metric = MAE
valid_metric_bigger = False
eval_batch_size = 4096
metric_decimal_place = 4

Dataset Hyper Parameters:
field_separator = 	
seq_separator =  
USER_ID_FIELD = user_id
ITEM_ID_FIELD = item_id
RATING_FIELD = label
TIME_FIELD = timestamp
seq_len = None
LABEL_FIELD = label
threshold = None
NEG_PREFIX = neg_
load_col = {'inter': ['user_id', 'item_id', 'label'], 'item': ['item_id', 'movie_title', 'release_year', 'class'], 'user': ['user_id', 'age', 'gender', 'occupation', 'zip_code']}
unload_col = None
unused_col = None
additional_feat_suffix = None
rm_dup_inter = None
val_interval = None
filter_inter_by_user_or_item = True
user_inter_num_interval = [13, 100]
item_inter_num_interval = [0,inf)
alias_of_user_id = None
alias_of_item_id = None
alias_of_entity_id = None
alias_of_relation_id = None
preload_weight = None
normalize_field = None
normalize_all = None
ITEM_LIST_LENGTH_FIELD = item_length
LIST_SUFFIX = _list
MAX_ITEM_LIST_LENGTH = 50
POSITION_FIELD = position_id
HEAD_ENTITY_ID_FIELD = head_id
TAIL_ENTITY_ID_FIELD = tail_id
RELATION_ID_FIELD = relation_id
ENTITY_ID_FIELD = entity_id
benchmark_filename = None

Other Hyper Parameters: 
wandb_project = recbole
require_pow = False
MODEL_TYPE = <function Module.type at 0x000001EE116C50D8>
meta_args = {'support_num': 'none', 'query_num': 10}
embedding = 32
embeddingHiddenDim = 64
lr = 0.0001
MODEL_INPUT_TYPE = InputType.POINTWISE
eval_type = EvaluatorType.VALUE
device = cpu
train_neg_sample_args = {'strategy': 'by', 'by': 1, 'distribution': 'uniform', 'dynamic': 'none'}
eval_neg_sample_args = {'strategy': 'none', 'distribution': 'none'}


Fri 15 Apr 2022 22:19:42 INFO  ml-100k-local-CTR
The number of users: 583
Average actions of users: 44.292096219931274
The number of items: 1683
Average actions of items: 20.218039215686275
The number of inters: 25778
The sparsity of the dataset: 97.37277935239796%
Remain Fields: ['user_id', 'item_id', 'label', 'age', 'gender', 'occupation', 'zip_code', 'movie_title', 'release_year', 'class']
Fri 15 Apr 2022 22:19:43 INFO  [Training]: train_batch_size = [32] negative sampling: [{'uniform': 1}]
Fri 15 Apr 2022 22:19:43 INFO  [Evaluation]: eval_batch_size = [4096] eval_args: [{'group_by': 'task', 'order': 'RO', 'split': {'RS': [0.8, 0.1, 0.1]}, 'mode': 'labeled'}]
Fri 15 Apr 2022 22:19:43 INFO  <MetaDataLoader.MetaDataLoader object at 0x000001EE2BA53A88>
Fri 15 Apr 2022 22:19:43 INFO  LWA(
  (itemEmbedding): ItemEmbedding(
    (embeddingTable): EmbeddingTable(
      (movie_title): Embedding(1660, 32)
      (release_year): Embedding(74, 32)
      (class): Embedding(217, 32)
    )
    (embeddingNetwork): Sequential(
      (0): Linear(in_features=96, out_features=64, bias=True)
      (1): ReLU()
      (2): Linear(in_features=64, out_features=32, bias=True)
    )
  )
  (lwaRec): LWARec()
)
Trainable parameters: 72769
Fri 15 Apr 2022 22:19:44 INFO  epoch 0 training [time: 0.74s, train loss: 23.6602]
Fri 15 Apr 2022 22:19:44 INFO  epoch 0 evaluating [time: 0.03s, valid_score: 0.783700]
Fri 15 Apr 2022 22:19:44 INFO  valid result: 
mae : 0.7837
Fri 15 Apr 2022 22:19:44 INFO  Saving current: saved\LWA-Apr-15-2022_22-19-43.pth
Fri 15 Apr 2022 22:19:44 INFO  epoch 1 training [time: 0.68s, train loss: 22.7832]
Fri 15 Apr 2022 22:19:44 INFO  epoch 1 evaluating [time: 0.05s, valid_score: 0.749600]
Fri 15 Apr 2022 22:19:44 INFO  valid result: 
mae : 0.7496
Fri 15 Apr 2022 22:19:44 INFO  Saving current: saved\LWA-Apr-15-2022_22-19-43.pth
Fri 15 Apr 2022 22:19:45 INFO  epoch 2 training [time: 0.77s, train loss: 22.3659]
Fri 15 Apr 2022 22:19:45 INFO  epoch 2 evaluating [time: 0.05s, valid_score: 0.734500]
Fri 15 Apr 2022 22:19:45 INFO  valid result: 
mae : 0.7345
Fri 15 Apr 2022 22:19:45 INFO  Saving current: saved\LWA-Apr-15-2022_22-19-43.pth
Fri 15 Apr 2022 22:19:46 INFO  epoch 3 training [time: 0.70s, train loss: 22.1286]
Fri 15 Apr 2022 22:19:46 INFO  epoch 3 evaluating [time: 0.04s, valid_score: 0.746300]
Fri 15 Apr 2022 22:19:46 INFO  valid result: 
mae : 0.7463
Fri 15 Apr 2022 22:19:46 INFO  epoch 4 training [time: 0.65s, train loss: 21.9536]
Fri 15 Apr 2022 22:19:47 INFO  epoch 4 evaluating [time: 0.05s, valid_score: 0.735700]
Fri 15 Apr 2022 22:19:47 INFO  valid result: 
mae : 0.7357
Fri 15 Apr 2022 22:19:47 INFO  epoch 5 training [time: 0.71s, train loss: 21.7718]
Fri 15 Apr 2022 22:19:47 INFO  epoch 5 evaluating [time: 0.05s, valid_score: 0.738600]
Fri 15 Apr 2022 22:19:47 INFO  valid result: 
mae : 0.7386
Fri 15 Apr 2022 22:19:48 INFO  epoch 6 training [time: 0.72s, train loss: 21.5921]
Fri 15 Apr 2022 22:19:48 INFO  epoch 6 evaluating [time: 0.03s, valid_score: 0.738700]
Fri 15 Apr 2022 22:19:48 INFO  valid result: 
mae : 0.7387
Fri 15 Apr 2022 22:19:49 INFO  epoch 7 training [time: 0.76s, train loss: 21.4583]
Fri 15 Apr 2022 22:19:49 INFO  epoch 7 evaluating [time: 0.05s, valid_score: 0.766500]
Fri 15 Apr 2022 22:19:49 INFO  valid result: 
mae : 0.7665
Fri 15 Apr 2022 22:19:50 INFO  epoch 8 training [time: 0.72s, train loss: 21.3962]
Fri 15 Apr 2022 22:19:50 INFO  epoch 8 evaluating [time: 0.05s, valid_score: 0.753800]
Fri 15 Apr 2022 22:19:50 INFO  valid result: 
mae : 0.7538
Fri 15 Apr 2022 22:19:50 INFO  epoch 9 training [time: 0.70s, train loss: 21.3021]
Fri 15 Apr 2022 22:19:50 INFO  epoch 9 evaluating [time: 0.04s, valid_score: 0.761600]
Fri 15 Apr 2022 22:19:50 INFO  valid result: 
mae : 0.7616
Fri 15 Apr 2022 22:19:50 INFO  Loading model structure and parameters from saved\LWA-Apr-15-2022_22-19-43.pth
Fri 15 Apr 2022 22:19:50 INFO  best valid result: OrderedDict([('mae', 0.7345)])
Fri 15 Apr 2022 22:19:50 INFO  test result: OrderedDict([('mae', 0.7506)])
