Wed 15 Jun 2022 20:36:08 INFO  
General Hyper Parameters:
gpu_id = 0
use_gpu = True
seed = 2020
state = INFO
reproducibility = True
data_path = recbole_metarec/dataset/ml-100k-CTR
checkpoint_dir = saved
show_progress = True
save_dataset = False
dataset_save_path = None
save_dataloaders = False
dataloaders_save_path = None
log_wandb = False

Training Hyper Parameters:
epochs = 50
train_batch_size = 32
learner = adam
learning_rate = 0.001
neg_sampling = {'uniform': 1}
eval_step = 1
stopping_step = 10
clip_grad_norm = None
weight_decay = 0.0
loss_decimal_place = 4

Evaluation Hyper Parameters:
eval_args = {'group_by': 'task', 'order': 'RO', 'split': {'RS': [0.8, 0.1, 0.1]}, 'mode': 'labeled'}
repeatable = False
metrics = ['precision', 'recall', 'hit', 'ndcg', 'mrr']
topk = [5]
valid_metric = mrr@5
valid_metric_bigger = True
eval_batch_size = 4096
metric_decimal_place = 4

Dataset Hyper Parameters:
field_separator = 	
seq_separator =  
USER_ID_FIELD = user_id
ITEM_ID_FIELD = item_id
RATING_FIELD = label
TIME_FIELD = timestamp
seq_len = None
LABEL_FIELD = label
threshold = None
NEG_PREFIX = neg_
load_col = {'inter': ['user_id', 'item_id', 'label'], 'item': ['item_id', 'movie_title', 'release_year', 'class'], 'user': ['user_id', 'age', 'gender', 'occupation', 'zip_code']}
unload_col = None
unused_col = None
additional_feat_suffix = None
rm_dup_inter = None
val_interval = None
filter_inter_by_user_or_item = True
user_inter_num_interval = [13, 100]
item_inter_num_interval = [0,inf)
alias_of_user_id = None
alias_of_item_id = None
alias_of_entity_id = None
alias_of_relation_id = None
preload_weight = None
normalize_field = None
normalize_all = None
ITEM_LIST_LENGTH_FIELD = item_length
LIST_SUFFIX = _list
MAX_ITEM_LIST_LENGTH = 50
POSITION_FIELD = position_id
HEAD_ENTITY_ID_FIELD = head_id
TAIL_ENTITY_ID_FIELD = tail_id
RELATION_ID_FIELD = relation_id
ENTITY_ID_FIELD = entity_id
benchmark_filename = None

Other Hyper Parameters: 
wandb_project = recbole
require_pow = False
MODEL_TYPE = <function Module.type at 0x0000028E16076AF0>
meta_args = {'support_num': 'none', 'query_num': 10}
embedding = 32
indexEmbDim = 8
modelRecHiddenDim = 32
pretrainEpoch = 20
pretrainLr = 0.0001
embeddingGeneratorHiddenDim = 32
localLr = 0.0001
alpha = 0.2
lr = 0.0001
MODEL_INPUT_TYPE = InputType.POINTWISE
eval_type = EvaluatorType.RANKING
device = cpu
train_neg_sample_args = {'strategy': 'by', 'by': 1, 'distribution': 'uniform', 'dynamic': 'none'}
eval_neg_sample_args = {'strategy': 'none', 'distribution': 'none'}


Wed 15 Jun 2022 20:36:09 INFO  ml-100k-CTR
The number of users: 583
Average actions of users: 44.292096219931274
The number of items: 1683
Average actions of items: 20.218039215686275
The number of inters: 25778
The sparsity of the dataset: 97.37277935239796%
Remain Fields: ['user_id', 'item_id', 'label', 'age', 'gender', 'occupation', 'zip_code', 'movie_title', 'release_year', 'class']
Wed 15 Jun 2022 20:36:09 INFO  [Training]: train_batch_size = [32] negative sampling: [{'uniform': 1}]
Wed 15 Jun 2022 20:36:09 INFO  [Evaluation]: eval_batch_size = [4096] eval_args: [{'group_by': 'task', 'order': 'RO', 'split': {'RS': [0.8, 0.1, 0.1]}, 'mode': 'labeled'}]
Wed 15 Jun 2022 20:36:09 INFO  <recbole_metarec.MetaDataLoader.MetaDataLoader object at 0x0000028E39A6F9D0>
Wed 15 Jun 2022 20:36:09 INFO  MetaEmb(
  (pretrainModel): PreTrainModel(
    (indexEmbedding): Embedding(583, 8)
    (f): ModelRec(
      (userEmbedding): EmbeddingTable(
        (age): Embedding(62, 32)
        (gender): Embedding(3, 32)
        (occupation): Embedding(22, 32)
        (zip_code): Embedding(523, 32)
      )
      (itemEmbedding): EmbeddingTable(
        (movie_title): Embedding(2653, 32)
        (release_year): Embedding(74, 32)
        (class): Embedding(20, 32)
      )
      (hiddenLayer): Linear(in_features=232, out_features=32, bias=True)
      (outputLayer): Linear(in_features=32, out_features=2, bias=True)
    )
  )
  (embeddingGenerator): EmbeddingGenerator(
    (userEmbedding): EmbeddingTable(
      (age): Embedding(62, 32)
      (gender): Embedding(3, 32)
      (occupation): Embedding(22, 32)
      (zip_code): Embedding(523, 32)
    )
    (mlp): Sequential(
      (0): Linear(in_features=128, out_features=32, bias=True)
      (1): ReLU()
      (2): Linear(in_features=32, out_features=8, bias=True)
    )
  )
)
Trainable parameters: 143522
Wed 15 Jun 2022 20:36:21 INFO  epoch 0 training [time: 12.51s, train loss: 0.6533]
Wed 15 Jun 2022 20:36:21 INFO  epoch 0 evaluating [time: 0.03s, valid_score: 0.821600]
Wed 15 Jun 2022 20:36:21 INFO  valid result: 
precision@5 : 0.6207    recall@5 : nan    hit@5 : 0.9655    ndcg@5 : 0.6803    mrr@5 : 0.8216
Wed 15 Jun 2022 20:36:21 INFO  Saving current: saved\MetaEmb-Jun-15-2022_20-36-09.pth
Wed 15 Jun 2022 20:36:22 INFO  epoch 1 training [time: 0.54s, train loss: 0.6533]
Wed 15 Jun 2022 20:36:22 INFO  epoch 1 evaluating [time: 0.03s, valid_score: 0.821600]
Wed 15 Jun 2022 20:36:22 INFO  valid result: 
precision@5 : 0.6207    recall@5 : nan    hit@5 : 0.9655    ndcg@5 : 0.6803    mrr@5 : 0.8216
Wed 15 Jun 2022 20:36:22 INFO  Saving current: saved\MetaEmb-Jun-15-2022_20-36-09.pth
Wed 15 Jun 2022 20:36:22 INFO  epoch 2 training [time: 0.54s, train loss: 0.6533]
Wed 15 Jun 2022 20:36:23 INFO  epoch 2 evaluating [time: 0.05s, valid_score: 0.821600]
Wed 15 Jun 2022 20:36:23 INFO  valid result: 
precision@5 : 0.6207    recall@5 : nan    hit@5 : 0.9655    ndcg@5 : 0.6803    mrr@5 : 0.8216
Wed 15 Jun 2022 20:36:23 INFO  Saving current: saved\MetaEmb-Jun-15-2022_20-36-09.pth
Wed 15 Jun 2022 20:36:23 INFO  epoch 3 training [time: 0.53s, train loss: 0.6533]
Wed 15 Jun 2022 20:36:23 INFO  epoch 3 evaluating [time: 0.05s, valid_score: 0.821600]
Wed 15 Jun 2022 20:36:23 INFO  valid result: 
precision@5 : 0.6207    recall@5 : nan    hit@5 : 0.9655    ndcg@5 : 0.6803    mrr@5 : 0.8216
Wed 15 Jun 2022 20:36:23 INFO  Saving current: saved\MetaEmb-Jun-15-2022_20-36-09.pth
Wed 15 Jun 2022 20:36:24 INFO  epoch 4 training [time: 0.53s, train loss: 0.6533]
Wed 15 Jun 2022 20:36:24 INFO  epoch 4 evaluating [time: 0.04s, valid_score: 0.821600]
Wed 15 Jun 2022 20:36:24 INFO  valid result: 
precision@5 : 0.6207    recall@5 : nan    hit@5 : 0.9655    ndcg@5 : 0.6803    mrr@5 : 0.8216
Wed 15 Jun 2022 20:36:24 INFO  Saving current: saved\MetaEmb-Jun-15-2022_20-36-09.pth
Wed 15 Jun 2022 20:36:24 INFO  epoch 5 training [time: 0.53s, train loss: 0.6533]
Wed 15 Jun 2022 20:36:24 INFO  epoch 5 evaluating [time: 0.05s, valid_score: 0.821600]
Wed 15 Jun 2022 20:36:24 INFO  valid result: 
precision@5 : 0.6207    recall@5 : nan    hit@5 : 0.9655    ndcg@5 : 0.6803    mrr@5 : 0.8216
Wed 15 Jun 2022 20:36:24 INFO  Saving current: saved\MetaEmb-Jun-15-2022_20-36-09.pth
Wed 15 Jun 2022 20:36:25 INFO  epoch 6 training [time: 0.54s, train loss: 0.6533]
Wed 15 Jun 2022 20:36:25 INFO  epoch 6 evaluating [time: 0.04s, valid_score: 0.821600]
Wed 15 Jun 2022 20:36:25 INFO  valid result: 
precision@5 : 0.6207    recall@5 : nan    hit@5 : 0.9655    ndcg@5 : 0.6803    mrr@5 : 0.8216
Wed 15 Jun 2022 20:36:25 INFO  Saving current: saved\MetaEmb-Jun-15-2022_20-36-09.pth
Wed 15 Jun 2022 20:36:25 INFO  epoch 7 training [time: 0.54s, train loss: 0.6533]
Wed 15 Jun 2022 20:36:25 INFO  epoch 7 evaluating [time: 0.04s, valid_score: 0.821600]
Wed 15 Jun 2022 20:36:25 INFO  valid result: 
precision@5 : 0.6207    recall@5 : nan    hit@5 : 0.9655    ndcg@5 : 0.6803    mrr@5 : 0.8216
Wed 15 Jun 2022 20:36:25 INFO  Saving current: saved\MetaEmb-Jun-15-2022_20-36-09.pth
Wed 15 Jun 2022 20:36:26 INFO  epoch 8 training [time: 0.56s, train loss: 0.6533]
Wed 15 Jun 2022 20:36:26 INFO  epoch 8 evaluating [time: 0.05s, valid_score: 0.821600]
Wed 15 Jun 2022 20:36:26 INFO  valid result: 
precision@5 : 0.6207    recall@5 : nan    hit@5 : 0.9655    ndcg@5 : 0.6803    mrr@5 : 0.8216
Wed 15 Jun 2022 20:36:26 INFO  Saving current: saved\MetaEmb-Jun-15-2022_20-36-09.pth
Wed 15 Jun 2022 20:36:27 INFO  epoch 9 training [time: 0.56s, train loss: 0.6533]
Wed 15 Jun 2022 20:36:27 INFO  epoch 9 evaluating [time: 0.04s, valid_score: 0.821600]
Wed 15 Jun 2022 20:36:27 INFO  valid result: 
precision@5 : 0.6207    recall@5 : nan    hit@5 : 0.9655    ndcg@5 : 0.6803    mrr@5 : 0.8216
Wed 15 Jun 2022 20:36:27 INFO  Saving current: saved\MetaEmb-Jun-15-2022_20-36-09.pth
Wed 15 Jun 2022 20:36:27 INFO  epoch 10 training [time: 0.59s, train loss: 0.6533]
Wed 15 Jun 2022 20:36:27 INFO  epoch 10 evaluating [time: 0.05s, valid_score: 0.821600]
Wed 15 Jun 2022 20:36:27 INFO  valid result: 
precision@5 : 0.6207    recall@5 : nan    hit@5 : 0.9655    ndcg@5 : 0.6803    mrr@5 : 0.8216
Wed 15 Jun 2022 20:36:27 INFO  Saving current: saved\MetaEmb-Jun-15-2022_20-36-09.pth
Wed 15 Jun 2022 20:36:28 INFO  epoch 11 training [time: 0.55s, train loss: 0.6533]
Wed 15 Jun 2022 20:36:28 INFO  epoch 11 evaluating [time: 0.04s, valid_score: 0.821600]
Wed 15 Jun 2022 20:36:28 INFO  valid result: 
precision@5 : 0.6207    recall@5 : nan    hit@5 : 0.9655    ndcg@5 : 0.6803    mrr@5 : 0.8216
Wed 15 Jun 2022 20:36:28 INFO  Saving current: saved\MetaEmb-Jun-15-2022_20-36-09.pth
Wed 15 Jun 2022 20:36:28 INFO  epoch 12 training [time: 0.55s, train loss: 0.6533]
Wed 15 Jun 2022 20:36:29 INFO  epoch 12 evaluating [time: 0.04s, valid_score: 0.821600]
Wed 15 Jun 2022 20:36:29 INFO  valid result: 
precision@5 : 0.6207    recall@5 : nan    hit@5 : 0.9655    ndcg@5 : 0.6803    mrr@5 : 0.8216
Wed 15 Jun 2022 20:36:29 INFO  Saving current: saved\MetaEmb-Jun-15-2022_20-36-09.pth
Wed 15 Jun 2022 20:36:29 INFO  epoch 13 training [time: 0.56s, train loss: 0.6533]
Wed 15 Jun 2022 20:36:29 INFO  epoch 13 evaluating [time: 0.04s, valid_score: 0.821600]
Wed 15 Jun 2022 20:36:29 INFO  valid result: 
precision@5 : 0.6207    recall@5 : nan    hit@5 : 0.9655    ndcg@5 : 0.6803    mrr@5 : 0.8216
Wed 15 Jun 2022 20:36:29 INFO  Saving current: saved\MetaEmb-Jun-15-2022_20-36-09.pth
Wed 15 Jun 2022 20:36:30 INFO  epoch 14 training [time: 0.55s, train loss: 0.6533]
Wed 15 Jun 2022 20:36:30 INFO  epoch 14 evaluating [time: 0.05s, valid_score: 0.821600]
Wed 15 Jun 2022 20:36:30 INFO  valid result: 
precision@5 : 0.6207    recall@5 : nan    hit@5 : 0.9655    ndcg@5 : 0.6803    mrr@5 : 0.8216
Wed 15 Jun 2022 20:36:30 INFO  Saving current: saved\MetaEmb-Jun-15-2022_20-36-09.pth
Wed 15 Jun 2022 20:36:30 INFO  epoch 15 training [time: 0.55s, train loss: 0.6533]
Wed 15 Jun 2022 20:36:30 INFO  epoch 15 evaluating [time: 0.04s, valid_score: 0.821600]
Wed 15 Jun 2022 20:36:30 INFO  valid result: 
precision@5 : 0.6207    recall@5 : nan    hit@5 : 0.9655    ndcg@5 : 0.6803    mrr@5 : 0.8216
Wed 15 Jun 2022 20:36:30 INFO  Saving current: saved\MetaEmb-Jun-15-2022_20-36-09.pth
Wed 15 Jun 2022 20:36:31 INFO  epoch 16 training [time: 0.56s, train loss: 0.6533]
Wed 15 Jun 2022 20:36:31 INFO  epoch 16 evaluating [time: 0.05s, valid_score: 0.821600]
Wed 15 Jun 2022 20:36:31 INFO  valid result: 
precision@5 : 0.6207    recall@5 : nan    hit@5 : 0.9655    ndcg@5 : 0.6803    mrr@5 : 0.8216
Wed 15 Jun 2022 20:36:31 INFO  Saving current: saved\MetaEmb-Jun-15-2022_20-36-09.pth
Wed 15 Jun 2022 20:36:32 INFO  epoch 17 training [time: 0.56s, train loss: 0.6533]
Wed 15 Jun 2022 20:36:32 INFO  epoch 17 evaluating [time: 0.04s, valid_score: 0.821600]
Wed 15 Jun 2022 20:36:32 INFO  valid result: 
precision@5 : 0.6207    recall@5 : nan    hit@5 : 0.9655    ndcg@5 : 0.6803    mrr@5 : 0.8216
Wed 15 Jun 2022 20:36:32 INFO  Saving current: saved\MetaEmb-Jun-15-2022_20-36-09.pth
Wed 15 Jun 2022 20:36:32 INFO  epoch 18 training [time: 0.56s, train loss: 0.6533]
Wed 15 Jun 2022 20:36:32 INFO  epoch 18 evaluating [time: 0.05s, valid_score: 0.821600]
Wed 15 Jun 2022 20:36:32 INFO  valid result: 
precision@5 : 0.6207    recall@5 : nan    hit@5 : 0.9655    ndcg@5 : 0.6803    mrr@5 : 0.8216
Wed 15 Jun 2022 20:36:32 INFO  Saving current: saved\MetaEmb-Jun-15-2022_20-36-09.pth
Wed 15 Jun 2022 20:36:33 INFO  epoch 19 training [time: 0.58s, train loss: 0.6533]
Wed 15 Jun 2022 20:36:33 INFO  epoch 19 evaluating [time: 0.03s, valid_score: 0.821600]
Wed 15 Jun 2022 20:36:33 INFO  valid result: 
precision@5 : 0.6207    recall@5 : nan    hit@5 : 0.9655    ndcg@5 : 0.6803    mrr@5 : 0.8216
Wed 15 Jun 2022 20:36:33 INFO  Saving current: saved\MetaEmb-Jun-15-2022_20-36-09.pth
Wed 15 Jun 2022 20:36:33 INFO  epoch 20 training [time: 0.55s, train loss: 0.6533]
Wed 15 Jun 2022 20:36:33 INFO  epoch 20 evaluating [time: 0.04s, valid_score: 0.821600]
Wed 15 Jun 2022 20:36:33 INFO  valid result: 
precision@5 : 0.6207    recall@5 : nan    hit@5 : 0.9655    ndcg@5 : 0.6803    mrr@5 : 0.8216
Wed 15 Jun 2022 20:36:33 INFO  Saving current: saved\MetaEmb-Jun-15-2022_20-36-09.pth
Wed 15 Jun 2022 20:36:34 INFO  epoch 21 training [time: 0.55s, train loss: 0.6533]
Wed 15 Jun 2022 20:36:34 INFO  epoch 21 evaluating [time: 0.05s, valid_score: 0.821600]
Wed 15 Jun 2022 20:36:34 INFO  valid result: 
precision@5 : 0.6207    recall@5 : nan    hit@5 : 0.9655    ndcg@5 : 0.6803    mrr@5 : 0.8216
Wed 15 Jun 2022 20:36:34 INFO  Saving current: saved\MetaEmb-Jun-15-2022_20-36-09.pth
Wed 15 Jun 2022 20:36:35 INFO  epoch 22 training [time: 0.56s, train loss: 0.6533]
Wed 15 Jun 2022 20:36:35 INFO  epoch 22 evaluating [time: 0.05s, valid_score: 0.821600]
Wed 15 Jun 2022 20:36:35 INFO  valid result: 
precision@5 : 0.6207    recall@5 : nan    hit@5 : 0.9655    ndcg@5 : 0.6803    mrr@5 : 0.8216
Wed 15 Jun 2022 20:36:35 INFO  Saving current: saved\MetaEmb-Jun-15-2022_20-36-09.pth
Wed 15 Jun 2022 20:36:35 INFO  epoch 23 training [time: 0.55s, train loss: 0.6533]
Wed 15 Jun 2022 20:36:35 INFO  epoch 23 evaluating [time: 0.05s, valid_score: 0.821600]
Wed 15 Jun 2022 20:36:35 INFO  valid result: 
precision@5 : 0.6207    recall@5 : nan    hit@5 : 0.9655    ndcg@5 : 0.6803    mrr@5 : 0.8216
Wed 15 Jun 2022 20:36:35 INFO  Saving current: saved\MetaEmb-Jun-15-2022_20-36-09.pth
Wed 15 Jun 2022 20:36:36 INFO  epoch 24 training [time: 0.55s, train loss: 0.6533]
Wed 15 Jun 2022 20:36:36 INFO  epoch 24 evaluating [time: 0.05s, valid_score: 0.821600]
Wed 15 Jun 2022 20:36:36 INFO  valid result: 
precision@5 : 0.6207    recall@5 : nan    hit@5 : 0.9655    ndcg@5 : 0.6803    mrr@5 : 0.8216
Wed 15 Jun 2022 20:36:36 INFO  Saving current: saved\MetaEmb-Jun-15-2022_20-36-09.pth
Wed 15 Jun 2022 20:36:36 INFO  epoch 25 training [time: 0.54s, train loss: 0.6533]
Wed 15 Jun 2022 20:36:36 INFO  epoch 25 evaluating [time: 0.05s, valid_score: 0.821600]
Wed 15 Jun 2022 20:36:36 INFO  valid result: 
precision@5 : 0.6207    recall@5 : nan    hit@5 : 0.9655    ndcg@5 : 0.6803    mrr@5 : 0.8216
Wed 15 Jun 2022 20:36:36 INFO  Saving current: saved\MetaEmb-Jun-15-2022_20-36-09.pth
Wed 15 Jun 2022 20:36:37 INFO  epoch 26 training [time: 0.66s, train loss: 0.6533]
Wed 15 Jun 2022 20:36:37 INFO  epoch 26 evaluating [time: 0.04s, valid_score: 0.821600]
Wed 15 Jun 2022 20:36:37 INFO  valid result: 
precision@5 : 0.6207    recall@5 : nan    hit@5 : 0.9655    ndcg@5 : 0.6803    mrr@5 : 0.8216
Wed 15 Jun 2022 20:36:37 INFO  Saving current: saved\MetaEmb-Jun-15-2022_20-36-09.pth
Wed 15 Jun 2022 20:36:38 INFO  epoch 27 training [time: 0.58s, train loss: 0.6533]
Wed 15 Jun 2022 20:36:38 INFO  epoch 27 evaluating [time: 0.05s, valid_score: 0.821600]
Wed 15 Jun 2022 20:36:38 INFO  valid result: 
precision@5 : 0.6207    recall@5 : nan    hit@5 : 0.9655    ndcg@5 : 0.6803    mrr@5 : 0.8216
Wed 15 Jun 2022 20:36:38 INFO  Saving current: saved\MetaEmb-Jun-15-2022_20-36-09.pth
Wed 15 Jun 2022 20:36:38 INFO  epoch 28 training [time: 0.55s, train loss: 0.6533]
Wed 15 Jun 2022 20:36:38 INFO  epoch 28 evaluating [time: 0.04s, valid_score: 0.821600]
Wed 15 Jun 2022 20:36:38 INFO  valid result: 
precision@5 : 0.6207    recall@5 : nan    hit@5 : 0.9655    ndcg@5 : 0.6803    mrr@5 : 0.8216
Wed 15 Jun 2022 20:36:38 INFO  Saving current: saved\MetaEmb-Jun-15-2022_20-36-09.pth
Wed 15 Jun 2022 20:36:39 INFO  epoch 29 training [time: 0.55s, train loss: 0.6533]
Wed 15 Jun 2022 20:36:39 INFO  epoch 29 evaluating [time: 0.04s, valid_score: 0.821600]
Wed 15 Jun 2022 20:36:39 INFO  valid result: 
precision@5 : 0.6207    recall@5 : nan    hit@5 : 0.9655    ndcg@5 : 0.6803    mrr@5 : 0.8216
Wed 15 Jun 2022 20:36:39 INFO  Saving current: saved\MetaEmb-Jun-15-2022_20-36-09.pth
Wed 15 Jun 2022 20:36:40 INFO  epoch 30 training [time: 0.55s, train loss: 0.6533]
Wed 15 Jun 2022 20:36:40 INFO  epoch 30 evaluating [time: 0.04s, valid_score: 0.821600]
Wed 15 Jun 2022 20:36:40 INFO  valid result: 
precision@5 : 0.6207    recall@5 : nan    hit@5 : 0.9655    ndcg@5 : 0.6803    mrr@5 : 0.8216
Wed 15 Jun 2022 20:36:40 INFO  Saving current: saved\MetaEmb-Jun-15-2022_20-36-09.pth
Wed 15 Jun 2022 20:36:40 INFO  epoch 31 training [time: 0.56s, train loss: 0.6533]
Wed 15 Jun 2022 20:36:40 INFO  epoch 31 evaluating [time: 0.04s, valid_score: 0.821600]
Wed 15 Jun 2022 20:36:40 INFO  valid result: 
precision@5 : 0.6207    recall@5 : nan    hit@5 : 0.9655    ndcg@5 : 0.6803    mrr@5 : 0.8216
Wed 15 Jun 2022 20:36:40 INFO  Saving current: saved\MetaEmb-Jun-15-2022_20-36-09.pth
Wed 15 Jun 2022 20:36:41 INFO  epoch 32 training [time: 0.55s, train loss: 0.6533]
Wed 15 Jun 2022 20:36:41 INFO  epoch 32 evaluating [time: 0.04s, valid_score: 0.821600]
Wed 15 Jun 2022 20:36:41 INFO  valid result: 
precision@5 : 0.6207    recall@5 : nan    hit@5 : 0.9655    ndcg@5 : 0.6803    mrr@5 : 0.8216
Wed 15 Jun 2022 20:36:41 INFO  Saving current: saved\MetaEmb-Jun-15-2022_20-36-09.pth
Wed 15 Jun 2022 20:36:41 INFO  epoch 33 training [time: 0.55s, train loss: 0.6533]
Wed 15 Jun 2022 20:36:41 INFO  epoch 33 evaluating [time: 0.03s, valid_score: 0.821600]
Wed 15 Jun 2022 20:36:41 INFO  valid result: 
precision@5 : 0.6207    recall@5 : nan    hit@5 : 0.9655    ndcg@5 : 0.6803    mrr@5 : 0.8216
Wed 15 Jun 2022 20:36:41 INFO  Saving current: saved\MetaEmb-Jun-15-2022_20-36-09.pth
Wed 15 Jun 2022 20:36:42 INFO  epoch 34 training [time: 0.57s, train loss: 0.6533]
Wed 15 Jun 2022 20:36:42 INFO  epoch 34 evaluating [time: 0.06s, valid_score: 0.821600]
Wed 15 Jun 2022 20:36:42 INFO  valid result: 
precision@5 : 0.6207    recall@5 : nan    hit@5 : 0.9655    ndcg@5 : 0.6803    mrr@5 : 0.8216
Wed 15 Jun 2022 20:36:42 INFO  Saving current: saved\MetaEmb-Jun-15-2022_20-36-09.pth
Wed 15 Jun 2022 20:36:43 INFO  epoch 35 training [time: 0.55s, train loss: 0.6533]
Wed 15 Jun 2022 20:36:43 INFO  epoch 35 evaluating [time: 0.04s, valid_score: 0.821600]
Wed 15 Jun 2022 20:36:43 INFO  valid result: 
precision@5 : 0.6207    recall@5 : nan    hit@5 : 0.9655    ndcg@5 : 0.6803    mrr@5 : 0.8216
Wed 15 Jun 2022 20:36:43 INFO  Saving current: saved\MetaEmb-Jun-15-2022_20-36-09.pth
Wed 15 Jun 2022 20:36:43 INFO  epoch 36 training [time: 0.56s, train loss: 0.6533]
Wed 15 Jun 2022 20:36:43 INFO  epoch 36 evaluating [time: 0.04s, valid_score: 0.821600]
Wed 15 Jun 2022 20:36:43 INFO  valid result: 
precision@5 : 0.6207    recall@5 : nan    hit@5 : 0.9655    ndcg@5 : 0.6803    mrr@5 : 0.8216
Wed 15 Jun 2022 20:36:43 INFO  Saving current: saved\MetaEmb-Jun-15-2022_20-36-09.pth
Wed 15 Jun 2022 20:36:44 INFO  epoch 37 training [time: 0.54s, train loss: 0.6533]
Wed 15 Jun 2022 20:36:44 INFO  epoch 37 evaluating [time: 0.05s, valid_score: 0.821600]
Wed 15 Jun 2022 20:36:44 INFO  valid result: 
precision@5 : 0.6207    recall@5 : nan    hit@5 : 0.9655    ndcg@5 : 0.6803    mrr@5 : 0.8216
Wed 15 Jun 2022 20:36:44 INFO  Saving current: saved\MetaEmb-Jun-15-2022_20-36-09.pth
Wed 15 Jun 2022 20:36:44 INFO  epoch 38 training [time: 0.54s, train loss: 0.6533]
Wed 15 Jun 2022 20:36:44 INFO  epoch 38 evaluating [time: 0.04s, valid_score: 0.821600]
Wed 15 Jun 2022 20:36:44 INFO  valid result: 
precision@5 : 0.6207    recall@5 : nan    hit@5 : 0.9655    ndcg@5 : 0.6803    mrr@5 : 0.8216
Wed 15 Jun 2022 20:36:44 INFO  Saving current: saved\MetaEmb-Jun-15-2022_20-36-09.pth
Wed 15 Jun 2022 20:36:45 INFO  epoch 39 training [time: 0.55s, train loss: 0.6533]
Wed 15 Jun 2022 20:36:45 INFO  epoch 39 evaluating [time: 0.06s, valid_score: 0.821600]
Wed 15 Jun 2022 20:36:45 INFO  valid result: 
precision@5 : 0.6207    recall@5 : nan    hit@5 : 0.9655    ndcg@5 : 0.6803    mrr@5 : 0.8216
Wed 15 Jun 2022 20:36:45 INFO  Saving current: saved\MetaEmb-Jun-15-2022_20-36-09.pth
Wed 15 Jun 2022 20:36:46 INFO  epoch 40 training [time: 1.21s, train loss: 0.6533]
Wed 15 Jun 2022 20:36:46 INFO  epoch 40 evaluating [time: 0.09s, valid_score: 0.821600]
Wed 15 Jun 2022 20:36:46 INFO  valid result: 
precision@5 : 0.6207    recall@5 : nan    hit@5 : 0.9655    ndcg@5 : 0.6803    mrr@5 : 0.8216
Wed 15 Jun 2022 20:36:46 INFO  Saving current: saved\MetaEmb-Jun-15-2022_20-36-09.pth
Wed 15 Jun 2022 20:36:47 INFO  epoch 41 training [time: 1.06s, train loss: 0.6533]
Wed 15 Jun 2022 20:36:47 INFO  epoch 41 evaluating [time: 0.07s, valid_score: 0.821600]
Wed 15 Jun 2022 20:36:47 INFO  valid result: 
precision@5 : 0.6207    recall@5 : nan    hit@5 : 0.9655    ndcg@5 : 0.6803    mrr@5 : 0.8216
Wed 15 Jun 2022 20:36:47 INFO  Saving current: saved\MetaEmb-Jun-15-2022_20-36-09.pth
Wed 15 Jun 2022 20:36:48 INFO  epoch 42 training [time: 1.02s, train loss: 0.6533]
Wed 15 Jun 2022 20:36:49 INFO  epoch 42 evaluating [time: 0.11s, valid_score: 0.821600]
Wed 15 Jun 2022 20:36:49 INFO  valid result: 
precision@5 : 0.6207    recall@5 : nan    hit@5 : 0.9655    ndcg@5 : 0.6803    mrr@5 : 0.8216
Wed 15 Jun 2022 20:36:49 INFO  Saving current: saved\MetaEmb-Jun-15-2022_20-36-09.pth
Wed 15 Jun 2022 20:36:50 INFO  epoch 43 training [time: 0.98s, train loss: 0.6533]
Wed 15 Jun 2022 20:36:50 INFO  epoch 43 evaluating [time: 0.12s, valid_score: 0.821600]
Wed 15 Jun 2022 20:36:50 INFO  valid result: 
precision@5 : 0.6207    recall@5 : nan    hit@5 : 0.9655    ndcg@5 : 0.6803    mrr@5 : 0.8216
Wed 15 Jun 2022 20:36:50 INFO  Saving current: saved\MetaEmb-Jun-15-2022_20-36-09.pth
Wed 15 Jun 2022 20:36:51 INFO  epoch 44 training [time: 1.08s, train loss: 0.6533]
Wed 15 Jun 2022 20:36:51 INFO  epoch 44 evaluating [time: 0.08s, valid_score: 0.821600]
Wed 15 Jun 2022 20:36:51 INFO  valid result: 
precision@5 : 0.6207    recall@5 : nan    hit@5 : 0.9655    ndcg@5 : 0.6803    mrr@5 : 0.8216
Wed 15 Jun 2022 20:36:51 INFO  Saving current: saved\MetaEmb-Jun-15-2022_20-36-09.pth
Wed 15 Jun 2022 20:36:52 INFO  epoch 45 training [time: 0.81s, train loss: 0.6533]
Wed 15 Jun 2022 20:36:52 INFO  epoch 45 evaluating [time: 0.03s, valid_score: 0.821600]
Wed 15 Jun 2022 20:36:52 INFO  valid result: 
precision@5 : 0.6207    recall@5 : nan    hit@5 : 0.9655    ndcg@5 : 0.6803    mrr@5 : 0.8216
Wed 15 Jun 2022 20:36:52 INFO  Saving current: saved\MetaEmb-Jun-15-2022_20-36-09.pth
Wed 15 Jun 2022 20:36:52 INFO  epoch 46 training [time: 0.68s, train loss: 0.6533]
Wed 15 Jun 2022 20:36:52 INFO  epoch 46 evaluating [time: 0.04s, valid_score: 0.821600]
Wed 15 Jun 2022 20:36:52 INFO  valid result: 
precision@5 : 0.6207    recall@5 : nan    hit@5 : 0.9655    ndcg@5 : 0.6803    mrr@5 : 0.8216
Wed 15 Jun 2022 20:36:52 INFO  Saving current: saved\MetaEmb-Jun-15-2022_20-36-09.pth
Wed 15 Jun 2022 20:36:53 INFO  epoch 47 training [time: 0.58s, train loss: 0.6533]
Wed 15 Jun 2022 20:36:53 INFO  epoch 47 evaluating [time: 0.08s, valid_score: 0.821600]
Wed 15 Jun 2022 20:36:53 INFO  valid result: 
precision@5 : 0.6207    recall@5 : nan    hit@5 : 0.9655    ndcg@5 : 0.6803    mrr@5 : 0.8216
Wed 15 Jun 2022 20:36:53 INFO  Saving current: saved\MetaEmb-Jun-15-2022_20-36-09.pth
Wed 15 Jun 2022 20:36:54 INFO  epoch 48 training [time: 0.60s, train loss: 0.6533]
Wed 15 Jun 2022 20:36:54 INFO  epoch 48 evaluating [time: 0.04s, valid_score: 0.821600]
Wed 15 Jun 2022 20:36:54 INFO  valid result: 
precision@5 : 0.6207    recall@5 : nan    hit@5 : 0.9655    ndcg@5 : 0.6803    mrr@5 : 0.8216
Wed 15 Jun 2022 20:36:54 INFO  Saving current: saved\MetaEmb-Jun-15-2022_20-36-09.pth
Wed 15 Jun 2022 20:36:54 INFO  epoch 49 training [time: 0.54s, train loss: 0.6533]
Wed 15 Jun 2022 20:36:54 INFO  epoch 49 evaluating [time: 0.05s, valid_score: 0.821600]
Wed 15 Jun 2022 20:36:54 INFO  valid result: 
precision@5 : 0.6207    recall@5 : nan    hit@5 : 0.9655    ndcg@5 : 0.6803    mrr@5 : 0.8216
Wed 15 Jun 2022 20:36:54 INFO  Saving current: saved\MetaEmb-Jun-15-2022_20-36-09.pth
Wed 15 Jun 2022 20:36:54 INFO  Loading model structure and parameters from saved\MetaEmb-Jun-15-2022_20-36-09.pth
Wed 15 Jun 2022 20:36:54 INFO  best valid result: OrderedDict([('precision@5', 0.6207), ('recall@5', nan), ('hit@5', 0.9655), ('ndcg@5', 0.6803), ('mrr@5', 0.8216)])
Wed 15 Jun 2022 20:36:54 INFO  test result: OrderedDict([('precision@5', 0.5966), ('recall@5', nan), ('hit@5', 0.9483), ('ndcg@5', 0.6544), ('mrr@5', 0.8118)])
